# JRE version: Java(TM) SE Runtime Environment (8.0_152-b16) (build 1.8.0_152-b16)
# Java VM: Java HotSpot(TM) 64-Bit Server VM (25.152-b16 mixed mode windows-amd64 compressed oops)
Heap:
 PSYoungGen      total 285696K, used 156666K [0x00000000d5a00000, 0x00000000ecc80000, 0x0000000100000000)
  eden space 271360K, 57% used [0x00000000d5a00000,0x00000000df2fe860,0x00000000e6300000)
  from space 14336K, 0% used [0x00000000e7500000,0x00000000e7500000,0x00000000e8300000)
  to   space 18432K, 0% used [0x00000000e6300000,0x00000000e6300000,0x00000000e7500000)
 ParOldGen       total 109056K, used 31620K [0x0000000080e00000, 0x0000000087880000, 0x00000000d5a00000)
  object space 109056K, 28% used [0x0000000080e00000,0x0000000082ce11f8,0x0000000087880000)
 Metaspace       used 44118K, capacity 44764K, committed 45016K, reserved 1089536K
  class space    used 5674K, capacity 5844K, committed 5888K, reserved 1048576K
GC Heap History (10 events):
Event: 2.260 GC heap before
{Heap before GC invocations=8 (full 1):
 PSYoungGen      total 141824K, used 7294K [0x00000000d5a00000, 0x00000000e6f00000, 0x0000000100000000)
  eden space 132608K, 0% used [0x00000000d5a00000,0x00000000d5a00000,0x00000000ddb80000)
  from space 9216K, 79% used [0x00000000ddb80000,0x00000000de29f8a8,0x00000000de480000)
  to   space 9216K, 0% used [0x00000000e6600000,0x00000000e6600000,0x00000000e6f00000)
 ParOldGen       total 87552K, used 7538K [0x0000000080e00000, 0x0000000086380000, 0x00000000d5a00000)
  object space 87552K, 8% used [0x0000000080e00000,0x000000008155c890,0x0000000086380000)
 Metaspace       used 20813K, capacity 21118K, committed 21248K, reserved 1067008K
  class space    used 2685K, capacity 2779K, committed 2816K, reserved 1048576K
Event: 2.299 GC heap after
Heap after GC invocations=8 (full 1):
 PSYoungGen      total 141824K, used 0K [0x00000000d5a00000, 0x00000000e6f00000, 0x0000000100000000)
  eden space 132608K, 0% used [0x00000000d5a00000,0x00000000d5a00000,0x00000000ddb80000)
  from space 9216K, 0% used [0x00000000ddb80000,0x00000000ddb80000,0x00000000de480000)
  to   space 9216K, 0% used [0x00000000e6600000,0x00000000e6600000,0x00000000e6f00000)
 ParOldGen       total 60416K, used 10475K [0x0000000080e00000, 0x0000000084900000, 0x00000000d5a00000)
  object space 60416K, 17% used [0x0000000080e00000,0x000000008183adf8,0x0000000084900000)
 Metaspace       used 20813K, capacity 21118K, committed 21248K, reserved 1067008K
  class space    used 2685K, capacity 2779K, committed 2816K, reserved 1048576K
}
Event: 3.014 GC heap before
{Heap before GC invocations=9 (full 1):
 PSYoungGen      total 141824K, used 132608K [0x00000000d5a00000, 0x00000000e6f00000, 0x0000000100000000)
  eden space 132608K, 100% used [0x00000000d5a00000,0x00000000ddb80000,0x00000000ddb80000)
  from space 9216K, 0% used [0x00000000ddb80000,0x00000000ddb80000,0x00000000de480000)
  to   space 9216K, 0% used [0x00000000e6600000,0x00000000e6600000,0x00000000e6f00000)
 ParOldGen       total 60416K, used 10475K [0x0000000080e00000, 0x0000000084900000, 0x00000000d5a00000)
  object space 60416K, 17% used [0x0000000080e00000,0x000000008183adf8,0x0000000084900000)
 Metaspace       used 25193K, capacity 25628K, committed 25984K, reserved 1071104K
  class space    used 3239K, capacity 3344K, committed 3456K, reserved 1048576K
Event: 3.022 GC heap after
Heap after GC invocations=9 (full 1):
 PSYoungGen      total 217088K, used 9205K [0x00000000d5a00000, 0x00000000e6f00000, 0x0000000100000000)
  eden space 207872K, 0% used [0x00000000d5a00000,0x00000000d5a00000,0x00000000e2500000)
  from space 9216K, 99% used [0x00000000e6600000,0x00000000e6efd488,0x00000000e6f00000)
  to   space 10752K, 0% used [0x00000000e5a00000,0x00000000e5a00000,0x00000000e6480000)
 ParOldGen       total 60416K, used 11848K [0x0000000080e00000, 0x0000000084900000, 0x00000000d5a00000)
  object space 60416K, 19% used [0x0000000080e00000,0x00000000819923b8,0x0000000084900000)
 Metaspace       used 25193K, capacity 25628K, committed 25984K, reserved 1071104K
  class space    used 3239K, capacity 3344K, committed 3456K, reserved 1048576K
}
Event: 4.345 GC heap before
{Heap before GC invocations=10 (full 1):
 PSYoungGen      total 217088K, used 217077K [0x00000000d5a00000, 0x00000000e6f00000, 0x0000000100000000)
  eden space 207872K, 100% used [0x00000000d5a00000,0x00000000e2500000,0x00000000e2500000)
  from space 9216K, 99% used [0x00000000e6600000,0x00000000e6efd488,0x00000000e6f00000)
  to   space 10752K, 0% used [0x00000000e5a00000,0x00000000e5a00000,0x00000000e6480000)
 ParOldGen       total 60416K, used 11848K [0x0000000080e00000, 0x0000000084900000, 0x00000000d5a00000)
  object space 60416K, 19% used [0x0000000080e00000,0x00000000819923b8,0x0000000084900000)
 Metaspace       used 30386K, capacity 30796K, committed 30976K, reserved 1077248K
  class space    used 3941K, capacity 4056K, committed 4096K, reserved 1048576K
Event: 4.363 GC heap after
Heap after GC invocations=10 (full 1):
 PSYoungGen      total 272896K, used 10744K [0x00000000d5a00000, 0x00000000e8300000, 0x0000000100000000)
  eden space 262144K, 0% used [0x00000000d5a00000,0x00000000d5a00000,0x00000000e5a00000)
  from space 10752K, 99% used [0x00000000e5a00000,0x00000000e647e160,0x00000000e6480000)
  to   space 14336K, 0% used [0x00000000e7500000,0x00000000e7500000,0x00000000e8300000)
 ParOldGen       total 60416K, used 18054K [0x0000000080e00000, 0x0000000084900000, 0x00000000d5a00000)
  object space 60416K, 29% used [0x0000000080e00000,0x0000000081fa1ba0,0x0000000084900000)
 Metaspace       used 30386K, capacity 30796K, committed 30976K, reserved 1077248K
  class space    used 3941K, capacity 4056K, committed 4096K, reserved 1048576K
}
Event: 6.012 GC heap before
{Heap before GC invocations=11 (full 1):
 PSYoungGen      total 272896K, used 272757K [0x00000000d5a00000, 0x00000000e8300000, 0x0000000100000000)
  eden space 262144K, 99% used [0x00000000d5a00000,0x00000000e59df330,0x00000000e5a00000)
  from space 10752K, 99% used [0x00000000e5a00000,0x00000000e647e160,0x00000000e6480000)
  to   space 14336K, 0% used [0x00000000e7500000,0x00000000e7500000,0x00000000e8300000)
 ParOldGen       total 60416K, used 18054K [0x0000000080e00000, 0x0000000084900000, 0x00000000d5a00000)
  object space 60416K, 29% used [0x0000000080e00000,0x0000000081fa1ba0,0x0000000084900000)
 Metaspace       used 34741K, capacity 35302K, committed 35416K, reserved 1079296K
  class space    used 4507K, capacity 4657K, committed 4736K, reserved 1048576K
Event: 6.030 GC heap after
Heap after GC invocations=11 (full 1):
 PSYoungGen      total 285696K, used 14331K [0x00000000d5a00000, 0x00000000ecc80000, 0x0000000100000000)
  eden space 271360K, 0% used [0x00000000d5a00000,0x00000000d5a00000,0x00000000e6300000)
  from space 14336K, 99% used [0x00000000e7500000,0x00000000e82fee00,0x00000000e8300000)
  to   space 18432K, 0% used [0x00000000e6300000,0x00000000e6300000,0x00000000e7500000)
 ParOldGen       total 60416K, used 24442K [0x0000000080e00000, 0x0000000084900000, 0x00000000d5a00000)
  object space 60416K, 40% used [0x0000000080e00000,0x00000000825de890,0x0000000084900000)
 Metaspace       used 34741K, capacity 35302K, committed 35416K, reserved 1079296K
  class space    used 4507K, capacity 4657K, committed 4736K, reserved 1048576K
}
Event: 6.031 GC heap before
{Heap before GC invocations=12 (full 2):
 PSYoungGen      total 285696K, used 14331K [0x00000000d5a00000, 0x00000000ecc80000, 0x0000000100000000)
  eden space 271360K, 0% used [0x00000000d5a00000,0x00000000d5a00000,0x00000000e6300000)
  from space 14336K, 99% used [0x00000000e7500000,0x00000000e82fee00,0x00000000e8300000)
  to   space 18432K, 0% used [0x00000000e6300000,0x00000000e6300000,0x00000000e7500000)
 ParOldGen       total 60416K, used 24442K [0x0000000080e00000, 0x0000000084900000, 0x00000000d5a00000)
  object space 60416K, 40% used [0x0000000080e00000,0x00000000825de890,0x0000000084900000)
 Metaspace       used 34741K, capacity 35302K, committed 35416K, reserved 1079296K
  class space    used 4507K, capacity 4657K, committed 4736K, reserved 1048576K
Event: 6.106 GC heap after
Heap after GC invocations=12 (full 2):
 PSYoungGen      total 285696K, used 0K [0x00000000d5a00000, 0x00000000ecc80000, 0x0000000100000000)
  eden space 271360K, 0% used [0x00000000d5a00000,0x00000000d5a00000,0x00000000e6300000)
  from space 14336K, 0% used [0x00000000e7500000,0x00000000e7500000,0x00000000e8300000)
  to   space 18432K, 0% used [0x00000000e6300000,0x00000000e6300000,0x00000000e7500000)
 ParOldGen       total 109056K, used 31620K [0x0000000080e00000, 0x0000000087880000, 0x00000000d5a00000)
  object space 109056K, 28% used [0x0000000080e00000,0x0000000082ce11f8,0x0000000087880000)
 Metaspace       used 34741K, capacity 35302K, committed 35416K, reserved 1079296K
  class space    used 4507K, capacity 4657K, committed 4736K, reserved 1048576K
}

